processing reviews_1071468459_Speeko.jsonl -> Speeko
done reviews_1071468459_Speeko.jsonl
processing reviews_1083804886_ELSASpeak.jsonl -> ELSASpeak
done reviews_1083804886_ELSASpeak.jsonl
processing reviews_1158555867_Replika.jsonl -> Replika
done reviews_1158555867_Replika.jsonl
processing reviews_1203178170_Orai.jsonl -> Orai
done reviews_1203178170_Orai.jsonl
processing reviews_1535324205_VocalImage.jsonl -> VocalImage
done reviews_1535324205_VocalImage.jsonl
processing reviews_1567841142_BoldVoice.jsonl -> BoldVoice
done reviews_1567841142_BoldVoice.jsonl
processing reviews_1663430725_RIZZ.jsonl -> RIZZ
done reviews_1663430725_RIZZ.jsonl
processing reviews_1671705818_CharacterAI.jsonl -> CharacterAI
done reviews_1671705818_CharacterAI.jsonl
processing reviews_6448704223_WingAI.jsonl -> WingAI
done reviews_6448704223_WingAI.jsonl
processing reviews_6474789329_SocialWizard.jsonl -> SocialWizard
done reviews_6474789329_SocialWizard.jsonl
processing reviews_6739810324_Smoothspeak.jsonl -> Smoothspeak
done reviews_6739810324_Smoothspeak.jsonl
processing reviews_6741476642_FlirtAIRizz.jsonl -> FlirtAIRizz
done reviews_6741476642_FlirtAIRizz.jsonl
processing reviews_6745208857_PatterAI.jsonl -> PatterAI
done reviews_6745208857_PatterAI.jsonl
processing reviews_6745815058_Gleam.jsonl -> Gleam
done reviews_6745815058_Gleam.jsonl
processing reviews_6752822613_Wellspoken.jsonl -> Wellspoken
done reviews_6752822613_Wellspoken.jsonl
SPLIT_DONE
